[0m[[0m[0mdebug[0m] [0m[0m> Exec(compile, Some(56d927a7-0302-43e0-a5f0-20eeb13103fe), Some(CommandSource(console0)))[0m
[0m[[0m[0mdebug[0m] [0m[0mEvaluating tasks: Compile / compile[0m
[0m[[0m[0mdebug[0m] [0m[0mRunning task... Cancel: Signal, check cycles: false, forcegc: true[0m
[0m[[0m[0minfo[0m] [0m[0mcompiling 3 Scala sources to C:\Users\messi\OneDrive\scala project\target\scala-3.4.1\classes ...[0m
[0m[[0m[31merror[0m] [0m[0m[31m[31m-- [E006] Not Found Error: C:\Users\messi\OneDrive\scala project\src\main\scala\Chatbot.scala:1:7 [0m[0m[0m
[0m[[0m[31merror[0m] [0m[0m[31m1 |[0m[33mimport[0m UserAction._[0m
[0m[[0m[31merror[0m] [0m[0m[31m[31m  |[0m       ^^^^^^^^^^[0m[0m
[0m[[0m[31merror[0m] [0m[0m[31m  |[0m       Not found: UserAction[0m
[0m[[0m[31merror[0m] [0m[0m[31m  |[0m[0m
[0m[[0m[31merror[0m] [0m[0m[31m  |[0m longer explanation available when compiling with `-explain`[0m
[0m[[0m[31merror[0m] [0m[0m[31m[31m-- [E006] Not Found Error: C:\Users\messi\OneDrive\scala project\src\main\scala\Main.scala:1:7 [0m[0m[0m
[0m[[0m[31merror[0m] [0m[0m[31m1 |[0m[33mimport[0m UserAction._[0m
[0m[[0m[31merror[0m] [0m[0m[31m[31m  |[0m       ^^^^^^^^^^[0m[0m
[0m[[0m[31merror[0m] [0m[0m[31m  |[0m       Not found: UserAction[0m
[0m[[0m[31merror[0m] [0m[0m[31m  |[0m[0m
[0m[[0m[31merror[0m] [0m[0m[31m  |[0m longer explanation available when compiling with `-explain`[0m
[0m[[0m[31merror[0m] [0m[0mtwo errors found[0m
[0m[[0m[31merror[0m] [0m[0m(Compile / [31mcompileIncremental[0m) Compilation failed[0m
[0m[[0m[31merror[0m] [0m[0mTotal time: 2 s, completed Apr 18, 2025, 11:27:01 AM[0m
[0m[[0m[0mdebug[0m] [0m[0m> Exec(shell, None, None)[0m
